<?xml version="1.0" encoding="UTF-8"?>
<!-- Generated by org.testng.reporters.JUnitReportReporter -->
<testsuite hostname="DESKTOP-T2PM9EQ" failures="0" tests="1" name="TestNG.Movetoelement" time="3.083" errors="0" timestamp="2024-04-03T11:19:56 IST" skipped="0">
  <testcase classname="TestNG.Movetoelement" name="test" time="3.083"/>
  <system-out/>
</testsuite> <!-- TestNG.Movetoelement -->
