<?xml version="1.0" encoding="UTF-8"?>
<!-- Generated by org.testng.reporters.JUnitReportReporter -->
<testsuite hostname="DESKTOP-T2PM9EQ" failures="0" tests="2" name="testpkg.FBLoginTest" time="21.799" errors="0" timestamp="2024-03-21T12:10:46 IST" skipped="0">
  <testcase classname="testpkg.FBLoginTest" name="LoginTest" time="14.390"/>
  <system-out/>
  <testcase classname="testpkg.FBLoginTest" name="setup" time="7.409"/>
  <system-out/>
</testsuite> <!-- testpkg.FBLoginTest -->
