<?xml version="1.0" encoding="UTF-8"?>
<!-- Generated by org.testng.reporters.JUnitReportReporter -->
<testsuite hostname="DESKTOP-T2PM9EQ" failures="0" tests="1" name="TestNG.Fileuploadpgm" time="8.203" errors="0" timestamp="2024-04-03T12:55:26 IST" skipped="0">
  <testcase classname="TestNG.Fileuploadpgm" name="main" time="8.203"/>
  <system-out/>
</testsuite> <!-- TestNG.Fileuploadpgm -->
