<?xml version="1.0" encoding="UTF-8"?>
<!-- Generated by org.testng.reporters.JUnitReportReporter -->
<testsuite hostname="DESKTOP-T2PM9EQ" failures="0" tests="3" name="TestNG.TestNGDemo" time="0.000" errors="0" timestamp="2024-03-25T19:57:03 IST" skipped="3">
  <testcase classname="TestNG.TestNGDemo" name="test1" time="0.000">
    <skipped/>
  </testcase> <!-- test1 -->
  <system-out/>
  <testcase classname="TestNG.TestNGDemo" name="test2" time="0.000">
    <skipped/>
  </testcase> <!-- test2 -->
  <system-out/>
  <testcase classname="TestNG.TestNGDemo" name="test3" time="0.000">
    <skipped/>
  </testcase> <!-- test3 -->
  <system-out/>
</testsuite> <!-- TestNG.TestNGDemo -->
