<?xml version="1.0" encoding="UTF-8"?>
<!-- Generated by org.testng.reporters.JUnitReportReporter -->
<testsuite hostname="DESKTOP-T2PM9EQ" failures="0" tests="1" name="Reports" time="1.447" errors="0" timestamp="2024-03-18T14:38:29 IST" skipped="0">
  <testcase classname="Reports" name="fbtitleverification" time="1.447"/>
  <system-out/>
</testsuite> <!-- Reports -->
