<?xml version="1.0" encoding="UTF-8"?>
<!-- Generated by org.testng.reporters.JUnitReportReporter -->
<testsuite hostname="DESKTOP-T2PM9EQ" failures="0" tests="1" name="testpkg.Baseclass" time="4.803" errors="0" timestamp="2024-03-20T14:32:30 IST" skipped="0">
  <testcase classname="testpkg.Baseclass" name="setup" time="4.803"/>
  <system-out/>
</testsuite> <!-- testpkg.Baseclass -->
