<?xml version="1.0" encoding="UTF-8"?>
<!-- Generated by org.testng.reporters.JUnitReportReporter -->
<testsuite hostname="DESKTOP-T2PM9EQ" failures="0" tests="1" name="TestNG.Windowhandler" time="6.452" errors="0" timestamp="2024-04-03T16:38:20 IST" skipped="0">
  <testcase classname="TestNG.Windowhandler" name="test" time="6.452"/>
  <system-out/>
</testsuite> <!-- TestNG.Windowhandler -->
