<?xml version="1.0" encoding="UTF-8"?>
<!-- Generated by org.testng.reporters.JUnitReportReporter -->
<testsuite hostname="DESKTOP-T2PM9EQ" failures="0" tests="1" name="TestNG.Datepckerpgm" time="0.000" errors="0" timestamp="2024-03-25T19:57:03 IST" skipped="1">
  <testcase classname="TestNG.Datepckerpgm" name="Testing" time="0.000">
    <skipped/>
  </testcase> <!-- Testing -->
  <system-out/>
</testsuite> <!-- TestNG.Datepckerpgm -->
