<?xml version="1.0" encoding="UTF-8"?>
<!-- Generated by org.testng.reporters.JUnitReportReporter -->
<testsuite hostname="DESKTOP-T2PM9EQ" failures="0" tests="1" name="TestNG.Draganddrop" time="1.816" errors="0" timestamp="2024-04-03T11:37:07 IST" skipped="0">
  <testcase classname="TestNG.Draganddrop" name="Draganaddrop" time="1.816"/>
  <system-out/>
</testsuite> <!-- TestNG.Draganddrop -->
